<?xml version="1.0" encoding="UTF-8"?>
<testsuite xmlns:xsi="http://www.w3.org/2001/XMLSchema-instance" xsi:noNamespaceSchemaLocation="https://maven.apache.org/surefire/maven-surefire-plugin/xsd/surefire-test-report-3.0.xsd" version="3.0" name="runners.TestRunner" time="0.501" tests="1" errors="0" skipped="0" failures="0">
  <properties>
[...]
</properties>
  <testcase name="Successful login with valid credentials" classname="Login functionality" time="0.056">
    <system-out><![CDATA[
Scenario: Successful login with valid credentials    # src/test/resources/features/login.feature:3
User navigates to login page
  Given the user is on the login page                # stepDefinitions.LoginSteps.user_on_login_page()
Entered valid username and password
  When the user enters valid username and password   # stepDefinitions.LoginSteps.enter_credentials()
Clicked login button
  And clicks the login button                        # stepDefinitions.LoginSteps.click_login_button()
User redirected to homepage
  Then the user should be redirected to the homepage # stepDefinitions.LoginSteps.redirect_to_homepage()
]]></system-out>
  </testcase>
</testsuite>